  [1m[36m (1.0ms)[0m  [1mCREATE TABLE "schema_migrations" ("version" varchar NOT NULL) [0m
  [1m[35m (0.1ms)[0m  select sqlite_version(*)
  [1m[36m (0.9ms)[0m  [1mCREATE UNIQUE INDEX "unique_schema_migrations" ON "schema_migrations" ("version")[0m
  [1m[35mActiveRecord::SchemaMigration Load (0.1ms)[0m  SELECT "schema_migrations".* FROM "schema_migrations"
Migrating to DeviseCreateUsers (20150519050848)
  [1m[36m (0.1ms)[0m  [1mbegin transaction[0m
DEPRECATION WARNING: `#timestamp` was called without specifying an option for `null`. In Rails 5, this behavior will change to `null: false`. You should manually specify `null: true` to prevent the behavior of your existing migrations from changing. (called from block in change at /Users/admin/Development/Ruby/rubystack-2.0.0-23/projects/org_directory/db/migrate/20150519050848_devise_create_users.rb:34)
  [1m[35m (0.5ms)[0m  CREATE TABLE "users" ("id" INTEGER PRIMARY KEY AUTOINCREMENT NOT NULL, "email" varchar DEFAULT '' NOT NULL, "encrypted_password" varchar DEFAULT '' NOT NULL, "reset_password_token" varchar, "reset_password_sent_at" datetime, "remember_created_at" datetime, "sign_in_count" integer DEFAULT 0 NOT NULL, "current_sign_in_at" datetime, "last_sign_in_at" datetime, "current_sign_in_ip" varchar, "last_sign_in_ip" varchar, "created_at" datetime, "updated_at" datetime) 
  [1m[36m (0.3ms)[0m  [1mCREATE UNIQUE INDEX "index_users_on_email" ON "users" ("email")[0m
  [1m[35m (0.4ms)[0m              SELECT sql
            FROM sqlite_master
            WHERE name='index_users_on_email' AND type='index'
            UNION ALL
            SELECT sql
            FROM sqlite_temp_master
            WHERE name='index_users_on_email' AND type='index'

  [1m[36m (0.1ms)[0m  [1mCREATE UNIQUE INDEX "index_users_on_reset_password_token" ON "users" ("reset_password_token")[0m
  [1m[35mSQL (0.1ms)[0m  INSERT INTO "schema_migrations" ("version") VALUES (?)  [["version", "20150519050848"]]
  [1m[36m (1.1ms)[0m  [1mcommit transaction[0m
Migrating to AddNameToUsers (20150519050850)
  [1m[35m (0.1ms)[0m  begin transaction
  [1m[36m (0.4ms)[0m  [1mALTER TABLE "users" ADD "name" varchar[0m
  [1m[35mSQL (0.1ms)[0m  INSERT INTO "schema_migrations" ("version") VALUES (?)  [["version", "20150519050850"]]
  [1m[36m (0.9ms)[0m  [1mcommit transaction[0m
  [1m[35mActiveRecord::SchemaMigration Load (0.1ms)[0m  SELECT "schema_migrations".* FROM "schema_migrations"
  [1m[36m (0.1ms)[0m  [1m            SELECT sql
            FROM sqlite_master
            WHERE name='index_users_on_reset_password_token' AND type='index'
            UNION ALL
            SELECT sql
            FROM sqlite_temp_master
            WHERE name='index_users_on_reset_password_token' AND type='index'
[0m
  [1m[35m (0.1ms)[0m              SELECT sql
            FROM sqlite_master
            WHERE name='index_users_on_email' AND type='index'
            UNION ALL
            SELECT sql
            FROM sqlite_temp_master
            WHERE name='index_users_on_email' AND type='index'

  [1m[36mActiveRecord::SchemaMigration Load (0.1ms)[0m  [1mSELECT "schema_migrations".* FROM "schema_migrations"[0m
Migrating to AddRoleToUsers (20150519050854)
  [1m[35m (0.1ms)[0m  begin transaction
  [1m[36m (0.5ms)[0m  [1mALTER TABLE "users" ADD "role" integer[0m
  [1m[35mSQL (0.1ms)[0m  INSERT INTO "schema_migrations" ("version") VALUES (?)  [["version", "20150519050854"]]
  [1m[36m (7.1ms)[0m  [1mcommit transaction[0m
  [1m[35mActiveRecord::SchemaMigration Load (0.1ms)[0m  SELECT "schema_migrations".* FROM "schema_migrations"
  [1m[36m (0.1ms)[0m  [1m            SELECT sql
            FROM sqlite_master
            WHERE name='index_users_on_reset_password_token' AND type='index'
            UNION ALL
            SELECT sql
            FROM sqlite_temp_master
            WHERE name='index_users_on_reset_password_token' AND type='index'
[0m
  [1m[35m (0.1ms)[0m              SELECT sql
            FROM sqlite_master
            WHERE name='index_users_on_email' AND type='index'
            UNION ALL
            SELECT sql
            FROM sqlite_temp_master
            WHERE name='index_users_on_email' AND type='index'

  [1m[36mActiveRecord::SchemaMigration Load (0.4ms)[0m  [1mSELECT "schema_migrations".* FROM "schema_migrations"[0m
  [1m[35mUser Load (0.2ms)[0m  SELECT  "users".* FROM "users" WHERE "users"."email" = ? LIMIT 1  [["email", "user@example.com"]]
  [1m[36m (0.1ms)[0m  [1mbegin transaction[0m
  [1m[35mUser Exists (0.1ms)[0m  SELECT  1 AS one FROM "users" WHERE "users"."email" = 'user@example.com' LIMIT 1
  [1m[36mSQL (0.4ms)[0m  [1mINSERT INTO "users" ("email", "encrypted_password", "role", "created_at", "updated_at") VALUES (?, ?, ?, ?, ?)[0m  [["email", "user@example.com"], ["encrypted_password", "$2a$10$/ul5kW8AEd6m2zWAMNDBb.yC8NeyTDUDyNmti9JTqkUv9cxCtXxXG"], ["role", 2], ["created_at", "2015-05-19 05:09:13.428794"], ["updated_at", "2015-05-19 05:09:13.428794"]]
  [1m[35m (0.7ms)[0m  commit transaction
  [1m[36m (0.0ms)[0m  [1mbegin transaction[0m
  [1m[35m (0.0ms)[0m  commit transaction


Started GET "/" for ::1 at 2015-05-19 00:15:44 -0500
  [1m[36mActiveRecord::SchemaMigration Load (0.2ms)[0m  [1mSELECT "schema_migrations".* FROM "schema_migrations"[0m
Processing by VisitorsController#index as HTML
  [1m[35m (0.1ms)[0m  SELECT COUNT(*) FROM "users"
  Rendered visitors/index.html.erb within layouts/application (11.7ms)
  Rendered layouts/_navigation_links.html.erb (4.2ms)
  Rendered layouts/_navigation.html.erb (6.6ms)
  Rendered layouts/_messages.html.erb (0.5ms)
Completed 200 OK in 4003ms (Views: 4002.6ms | ActiveRecord: 0.3ms)


Started GET "/" for ::1 at 2015-05-19 00:15:54 -0500
Processing by VisitorsController#index as HTML
  [1m[36m (0.1ms)[0m  [1mSELECT COUNT(*) FROM "users"[0m
  Rendered visitors/index.html.erb within layouts/application (0.9ms)
  Rendered layouts/_navigation_links.html.erb (0.4ms)
  Rendered layouts/_navigation.html.erb (2.2ms)
  Rendered layouts/_messages.html.erb (0.1ms)
Completed 200 OK in 96ms (Views: 95.9ms | ActiveRecord: 0.1ms)


Started GET "/users/sign_in" for ::1 at 2015-05-19 00:16:11 -0500
Processing by Devise::SessionsController#new as HTML
  Rendered devise/sessions/new.html.erb within layouts/application (36.5ms)
  Rendered layouts/_navigation_links.html.erb (0.3ms)
  Rendered layouts/_navigation.html.erb (2.1ms)
  Rendered layouts/_messages.html.erb (0.1ms)
Completed 200 OK in 150ms (Views: 140.0ms | ActiveRecord: 0.3ms)


Started POST "/users/sign_in" for ::1 at 2015-05-19 00:19:27 -0500
  [1m[36mActiveRecord::SchemaMigration Load (0.1ms)[0m  [1mSELECT "schema_migrations".* FROM "schema_migrations"[0m
Processing by Devise::SessionsController#create as HTML
  Parameters: {"utf8"=>"✓", "authenticity_token"=>"ERLFIj+AIR8G/N1RahB0wxpWSqDLDB/+oA41TQkWT6Aq6v8H4nCo8LP8GB699p/5ln0Ff+iCOuTsFBo1fgk6zQ==", "user"=>{"email"=>"user@example.com", "password"=>"[FILTERED]", "remember_me"=>"0"}, "commit"=>"Sign in"}
  [1m[35mUser Load (0.3ms)[0m  SELECT  "users".* FROM "users" WHERE "users"."email" = ?  ORDER BY "users"."id" ASC LIMIT 1  [["email", "user@example.com"]]
  [1m[36m (0.1ms)[0m  [1mbegin transaction[0m
  [1m[35mSQL (0.4ms)[0m  UPDATE "users" SET "last_sign_in_at" = ?, "current_sign_in_at" = ?, "last_sign_in_ip" = ?, "current_sign_in_ip" = ?, "sign_in_count" = ?, "updated_at" = ? WHERE "users"."id" = ?  [["last_sign_in_at", "2015-05-19 05:19:27.914257"], ["current_sign_in_at", "2015-05-19 05:19:27.914257"], ["last_sign_in_ip", "::1"], ["current_sign_in_ip", "::1"], ["sign_in_count", 1], ["updated_at", "2015-05-19 05:19:27.915737"], ["id", 1]]
  [1m[36m (7.1ms)[0m  [1mcommit transaction[0m
Redirected to http://localhost:3000/
Completed 302 Found in 170ms (ActiveRecord: 8.3ms)


Started GET "/" for ::1 at 2015-05-19 00:19:27 -0500
Processing by VisitorsController#index as HTML
  [1m[35m (0.2ms)[0m  SELECT COUNT(*) FROM "users"
  Rendered visitors/index.html.erb within layouts/application (4.2ms)
  [1m[36mUser Load (0.2ms)[0m  [1mSELECT  "users".* FROM "users" WHERE "users"."id" = ?  ORDER BY "users"."id" ASC LIMIT 1[0m  [["id", 1]]
  Rendered layouts/_navigation_links.html.erb (3.2ms)
  Rendered layouts/_navigation.html.erb (6.3ms)
  Rendered layouts/_messages.html.erb (1.3ms)
Completed 200 OK in 376ms (Views: 375.0ms | ActiveRecord: 0.4ms)


Started GET "/users" for ::1 at 2015-05-19 00:19:31 -0500
Processing by UsersController#index as HTML
  [1m[35mUser Load (0.1ms)[0m  SELECT  "users".* FROM "users" WHERE "users"."id" = ?  ORDER BY "users"."id" ASC LIMIT 1  [["id", 1]]
  [1m[36mUser Load (0.2ms)[0m  [1mSELECT "users".* FROM "users"[0m
  Rendered users/_user.html.erb (3.8ms)
  Rendered users/index.html.erb within layouts/application (7.0ms)
  Rendered layouts/_navigation_links.html.erb (0.3ms)
  Rendered layouts/_navigation.html.erb (2.3ms)
  Rendered layouts/_messages.html.erb (0.1ms)
Completed 200 OK in 122ms (Views: 118.9ms | ActiveRecord: 0.3ms)


Started GET "/admin" for ::1 at 2015-05-19 00:19:33 -0500
Processing by Upmin::ModelsController#dashboard as HTML
  [1m[35mUser Load (0.1ms)[0m  SELECT  "users".* FROM "users" WHERE "users"."id" = ?  ORDER BY "users"."id" ASC LIMIT 1  [["id", 1]]
  Rendered /Users/admin/.rvm/gems/ruby-2.2.1/gems/upmin-admin-0.1.01/app/views/upmin/models/dashboard.html.haml within layouts/upmin/application (1.9ms)
WARNING on line 18, column 11 of /Users/admin/.rvm/gems/ruby-2.2.1/gems/upmin-admin-0.1.01/app/assets/stylesheets/upmin/base.css.scss:
You probably don't mean to use the color value `yellow' in interpolation here.
It may end up represented as #ffff00, which will likely produce invalid CSS.
Always quote color names when using them as strings (for example, "yellow").
If you really want to use the color value here, use `"" + $name'.


WARNING on line 18, column 11 of /Users/admin/.rvm/gems/ruby-2.2.1/gems/upmin-admin-0.1.01/app/assets/stylesheets/upmin/base.css.scss:
You probably don't mean to use the color value `orange' in interpolation here.
It may end up represented as #ffa500, which will likely produce invalid CSS.
Always quote color names when using them as strings (for example, "orange").
If you really want to use the color value here, use `"" + $name'.


WARNING on line 18, column 11 of /Users/admin/.rvm/gems/ruby-2.2.1/gems/upmin-admin-0.1.01/app/assets/stylesheets/upmin/base.css.scss:
You probably don't mean to use the color value `red' in interpolation here.
It may end up represented as #ff0000, which will likely produce invalid CSS.
Always quote color names when using them as strings (for example, "red").
If you really want to use the color value here, use `"" + $name'.


WARNING on line 18, column 11 of /Users/admin/.rvm/gems/ruby-2.2.1/gems/upmin-admin-0.1.01/app/assets/stylesheets/upmin/base.css.scss:
You probably don't mean to use the color value `purple' in interpolation here.
It may end up represented as #800080, which will likely produce invalid CSS.
Always quote color names when using them as strings (for example, "purple").
If you really want to use the color value here, use `"" + $name'.


WARNING on line 18, column 11 of /Users/admin/.rvm/gems/ruby-2.2.1/gems/upmin-admin-0.1.01/app/assets/stylesheets/upmin/base.css.scss:
You probably don't mean to use the color value `green' in interpolation here.
It may end up represented as #008000, which will likely produce invalid CSS.
Always quote color names when using them as strings (for example, "green").
If you really want to use the color value here, use `"" + $name'.


WARNING on line 32, column 7 of /Users/admin/.rvm/gems/ruby-2.2.1/gems/upmin-admin-0.1.01/app/assets/stylesheets/upmin/base.css.scss:
You probably don't mean to use the color value `yellow' in interpolation here.
It may end up represented as #ffff00, which will likely produce invalid CSS.
Always quote color names when using them as strings (for example, "yellow").
If you really want to use the color value here, use `"" + $name'.


WARNING on line 32, column 7 of /Users/admin/.rvm/gems/ruby-2.2.1/gems/upmin-admin-0.1.01/app/assets/stylesheets/upmin/base.css.scss:
You probably don't mean to use the color value `orange' in interpolation here.
It may end up represented as #ffa500, which will likely produce invalid CSS.
Always quote color names when using them as strings (for example, "orange").
If you really want to use the color value here, use `"" + $name'.


WARNING on line 32, column 7 of /Users/admin/.rvm/gems/ruby-2.2.1/gems/upmin-admin-0.1.01/app/assets/stylesheets/upmin/base.css.scss:
You probably don't mean to use the color value `red' in interpolation here.
It may end up represented as #ff0000, which will likely produce invalid CSS.
Always quote color names when using them as strings (for example, "red").
If you really want to use the color value here, use `"" + $name'.


WARNING on line 32, column 7 of /Users/admin/.rvm/gems/ruby-2.2.1/gems/upmin-admin-0.1.01/app/assets/stylesheets/upmin/base.css.scss:
You probably don't mean to use the color value `purple' in interpolation here.
It may end up represented as #800080, which will likely produce invalid CSS.
Always quote color names when using them as strings (for example, "purple").
If you really want to use the color value here, use `"" + $name'.


WARNING on line 32, column 7 of /Users/admin/.rvm/gems/ruby-2.2.1/gems/upmin-admin-0.1.01/app/assets/stylesheets/upmin/base.css.scss:
You probably don't mean to use the color value `green' in interpolation here.
It may end up represented as #008000, which will likely produce invalid CSS.
Always quote color names when using them as strings (for example, "green").
If you really want to use the color value here, use `"" + $name'.


WARNING on line 20, column 7 of /Users/admin/.rvm/gems/ruby-2.2.1/gems/upmin-admin-0.1.01/app/assets/stylesheets/upmin/instances.css.scss:
You probably don't mean to use the color value `yellow' in interpolation here.
It may end up represented as #ffff00, which will likely produce invalid CSS.
Always quote color names when using them as strings (for example, "yellow").
If you really want to use the color value here, use `"" + $name'.


WARNING on line 20, column 7 of /Users/admin/.rvm/gems/ruby-2.2.1/gems/upmin-admin-0.1.01/app/assets/stylesheets/upmin/instances.css.scss:
You probably don't mean to use the color value `orange' in interpolation here.
It may end up represented as #ffa500, which will likely produce invalid CSS.
Always quote color names when using them as strings (for example, "orange").
If you really want to use the color value here, use `"" + $name'.


WARNING on line 20, column 7 of /Users/admin/.rvm/gems/ruby-2.2.1/gems/upmin-admin-0.1.01/app/assets/stylesheets/upmin/instances.css.scss:
You probably don't mean to use the color value `red' in interpolation here.
It may end up represented as #ff0000, which will likely produce invalid CSS.
Always quote color names when using them as strings (for example, "red").
If you really want to use the color value here, use `"" + $name'.


WARNING on line 20, column 7 of /Users/admin/.rvm/gems/ruby-2.2.1/gems/upmin-admin-0.1.01/app/assets/stylesheets/upmin/instances.css.scss:
You probably don't mean to use the color value `purple' in interpolation here.
It may end up represented as #800080, which will likely produce invalid CSS.
Always quote color names when using them as strings (for example, "purple").
If you really want to use the color value here, use `"" + $name'.


WARNING on line 20, column 7 of /Users/admin/.rvm/gems/ruby-2.2.1/gems/upmin-admin-0.1.01/app/assets/stylesheets/upmin/instances.css.scss:
You probably don't mean to use the color value `green' in interpolation here.
It may end up represented as #008000, which will likely produce invalid CSS.
Always quote color names when using them as strings (for example, "green").
If you really want to use the color value here, use `"" + $name'.


  Rendered /Users/admin/.rvm/gems/ruby-2.2.1/gems/upmin-admin-0.1.01/app/views/layouts/upmin/_navbar.html.haml (10.4ms)
Completed 200 OK in 526ms (Views: 524.9ms | ActiveRecord: 0.1ms)


Started GET "/admin/" for ::1 at 2015-05-19 00:19:40 -0500
Processing by Upmin::ModelsController#dashboard as HTML
  [1m[36mUser Load (0.1ms)[0m  [1mSELECT  "users".* FROM "users" WHERE "users"."id" = ?  ORDER BY "users"."id" ASC LIMIT 1[0m  [["id", 1]]
  Rendered /Users/admin/.rvm/gems/ruby-2.2.1/gems/upmin-admin-0.1.01/app/views/upmin/models/dashboard.html.haml within layouts/upmin/application (0.1ms)
  Rendered /Users/admin/.rvm/gems/ruby-2.2.1/gems/upmin-admin-0.1.01/app/views/layouts/upmin/_navbar.html.haml (3.8ms)
Completed 200 OK in 69ms (Views: 67.1ms | ActiveRecord: 0.1ms)


Started GET "/admin/m/User" for ::1 at 2015-05-19 00:19:43 -0500
Processing by Upmin::ModelsController#search as HTML
  Parameters: {"klass"=>"User"}
  [1m[35mUser Load (0.1ms)[0m  SELECT  "users".* FROM "users" WHERE "users"."id" = ?  ORDER BY "users"."id" ASC LIMIT 1  [["id", 1]]
  [1m[36m (0.2ms)[0m  [1mSELECT DISTINCT COUNT(DISTINCT "users"."id") FROM "users"[0m
  [1m[35mUser Load (0.2ms)[0m  SELECT  DISTINCT "users".* FROM "users" LIMIT 30 OFFSET 0
  Rendered /Users/admin/.rvm/gems/ruby-2.2.1/gems/upmin-admin-0.1.01/app/views/upmin/partials/search_results/_results.html.haml (9.4ms)
  Rendered /Users/admin/.rvm/gems/ruby-2.2.1/gems/upmin-admin-0.1.01/app/views/upmin/partials/search_boxes/_ransack_search_box.html.haml (20.5ms)
  Rendered /Users/admin/.rvm/gems/ruby-2.2.1/gems/upmin-admin-0.1.01/app/views/upmin/models/search.html.haml within layouts/upmin/application (69.7ms)
  Rendered /Users/admin/.rvm/gems/ruby-2.2.1/gems/upmin-admin-0.1.01/app/views/layouts/upmin/_navbar.html.haml (4.7ms)
Completed 200 OK in 150ms (Views: 146.9ms | ActiveRecord: 0.5ms)


Started GET "/admin/" for ::1 at 2015-05-19 00:19:53 -0500
Processing by Upmin::ModelsController#dashboard as HTML
  [1m[36mUser Load (0.1ms)[0m  [1mSELECT  "users".* FROM "users" WHERE "users"."id" = ?  ORDER BY "users"."id" ASC LIMIT 1[0m  [["id", 1]]
  Rendered /Users/admin/.rvm/gems/ruby-2.2.1/gems/upmin-admin-0.1.01/app/views/upmin/models/dashboard.html.haml within layouts/upmin/application (0.1ms)
  Rendered /Users/admin/.rvm/gems/ruby-2.2.1/gems/upmin-admin-0.1.01/app/views/layouts/upmin/_navbar.html.haml (4.9ms)
Completed 200 OK in 89ms (Views: 86.7ms | ActiveRecord: 0.1ms)


Started GET "/admin/m/User" for ::1 at 2015-05-19 00:19:55 -0500
Processing by Upmin::ModelsController#search as HTML
  Parameters: {"klass"=>"User"}
  [1m[35mUser Load (0.1ms)[0m  SELECT  "users".* FROM "users" WHERE "users"."id" = ?  ORDER BY "users"."id" ASC LIMIT 1  [["id", 1]]
  [1m[36m (0.2ms)[0m  [1mSELECT DISTINCT COUNT(DISTINCT "users"."id") FROM "users"[0m
  [1m[35mUser Load (0.2ms)[0m  SELECT  DISTINCT "users".* FROM "users" LIMIT 30 OFFSET 0
  Rendered /Users/admin/.rvm/gems/ruby-2.2.1/gems/upmin-admin-0.1.01/app/views/upmin/partials/search_results/_results.html.haml (4.3ms)
  Rendered /Users/admin/.rvm/gems/ruby-2.2.1/gems/upmin-admin-0.1.01/app/views/upmin/partials/search_boxes/_ransack_search_box.html.haml (3.7ms)
  Rendered /Users/admin/.rvm/gems/ruby-2.2.1/gems/upmin-admin-0.1.01/app/views/upmin/models/search.html.haml within layouts/upmin/application (35.6ms)
  Rendered /Users/admin/.rvm/gems/ruby-2.2.1/gems/upmin-admin-0.1.01/app/views/layouts/upmin/_navbar.html.haml (5.3ms)
Completed 200 OK in 106ms (Views: 102.9ms | ActiveRecord: 0.5ms)


Started GET "/admin/test" for ::1 at 2015-05-19 00:20:02 -0500

ActionController::RoutingError (No route matches [GET] "/admin/test"):
  actionpack (4.2.1) lib/action_dispatch/middleware/debug_exceptions.rb:21:in `call'
  web-console (2.1.2) lib/web_console/middleware.rb:37:in `call'
  actionpack (4.2.1) lib/action_dispatch/middleware/show_exceptions.rb:30:in `call'
  railties (4.2.1) lib/rails/rack/logger.rb:38:in `call_app'
  railties (4.2.1) lib/rails/rack/logger.rb:20:in `block in call'
  activesupport (4.2.1) lib/active_support/tagged_logging.rb:68:in `block in tagged'
  activesupport (4.2.1) lib/active_support/tagged_logging.rb:26:in `tagged'
  activesupport (4.2.1) lib/active_support/tagged_logging.rb:68:in `tagged'
  railties (4.2.1) lib/rails/rack/logger.rb:20:in `call'
  quiet_assets (1.1.0) lib/quiet_assets.rb:27:in `call_with_quiet_assets'
  actionpack (4.2.1) lib/action_dispatch/middleware/request_id.rb:21:in `call'
  rack (1.6.1) lib/rack/methodoverride.rb:22:in `call'
  rack (1.6.1) lib/rack/runtime.rb:18:in `call'
  activesupport (4.2.1) lib/active_support/cache/strategy/local_cache_middleware.rb:28:in `call'
  rack (1.6.1) lib/rack/lock.rb:17:in `call'
  actionpack (4.2.1) lib/action_dispatch/middleware/static.rb:113:in `call'
  rack (1.6.1) lib/rack/sendfile.rb:113:in `call'
  railties (4.2.1) lib/rails/engine.rb:518:in `call'
  railties (4.2.1) lib/rails/application.rb:164:in `call'
  rack (1.6.1) lib/rack/content_length.rb:15:in `call'
  unicorn (4.9.0) lib/unicorn/http_server.rb:580:in `process_client'
  unicorn (4.9.0) lib/unicorn/http_server.rb:674:in `worker_loop'
  unicorn (4.9.0) lib/unicorn/http_server.rb:529:in `spawn_missing_workers'
  unicorn (4.9.0) lib/unicorn/http_server.rb:140:in `start'
  unicorn-rails (2.2.0) lib/unicorn_rails.rb:33:in `run'
  rack (1.6.1) lib/rack/server.rb:286:in `start'
  railties (4.2.1) lib/rails/commands/server.rb:80:in `start'
  railties (4.2.1) lib/rails/commands/commands_tasks.rb:80:in `block in server'
  railties (4.2.1) lib/rails/commands/commands_tasks.rb:75:in `tap'
  railties (4.2.1) lib/rails/commands/commands_tasks.rb:75:in `server'
  railties (4.2.1) lib/rails/commands/commands_tasks.rb:39:in `run_command!'
  railties (4.2.1) lib/rails/commands.rb:17:in `<top (required)>'
  bin/rails:8:in `require'
  bin/rails:8:in `<top (required)>'
  spring (1.3.6) lib/spring/client/rails.rb:28:in `load'
  spring (1.3.6) lib/spring/client/rails.rb:28:in `call'
  spring (1.3.6) lib/spring/client/command.rb:7:in `call'
  spring (1.3.6) lib/spring/client.rb:26:in `run'
  spring (1.3.6) bin/spring:48:in `<top (required)>'
  spring (1.3.6) lib/spring/binstub.rb:11:in `load'
  spring (1.3.6) lib/spring/binstub.rb:11:in `<top (required)>'
  /Users/admin/.rvm/rubies/ruby-2.2.1/lib/ruby/site_ruby/2.2.0/rubygems/core_ext/kernel_require.rb:54:in `require'
  /Users/admin/.rvm/rubies/ruby-2.2.1/lib/ruby/site_ruby/2.2.0/rubygems/core_ext/kernel_require.rb:54:in `require'
  bin/spring:13:in `<top (required)>'
  bin/rails:3:in `load'
  bin/rails:3:in `<main>'


  Rendered /Users/admin/.rvm/gems/ruby-2.2.1/gems/actionpack-4.2.1/lib/action_dispatch/middleware/templates/rescues/_trace.html.erb (1.8ms)
  Rendered /Users/admin/.rvm/gems/ruby-2.2.1/gems/actionpack-4.2.1/lib/action_dispatch/middleware/templates/routes/_route.html.erb (1.9ms)
  Rendered /Users/admin/.rvm/gems/ruby-2.2.1/gems/actionpack-4.2.1/lib/action_dispatch/middleware/templates/routes/_route.html.erb (0.5ms)
  Rendered /Users/admin/.rvm/gems/ruby-2.2.1/gems/actionpack-4.2.1/lib/action_dispatch/middleware/templates/routes/_table.html.erb (2.5ms)
  Rendered /Users/admin/.rvm/gems/ruby-2.2.1/gems/actionpack-4.2.1/lib/action_dispatch/middleware/templates/rescues/_request_and_response.html.erb (1.3ms)
  Rendered /Users/admin/.rvm/gems/ruby-2.2.1/gems/actionpack-4.2.1/lib/action_dispatch/middleware/templates/rescues/routing_error.html.erb within rescues/layout (115.4ms)
  Rendered /Users/admin/.rvm/gems/ruby-2.2.1/gems/web-console-2.1.2/lib/web_console/templates/_markup.html.erb (0.5ms)
  Rendered /Users/admin/.rvm/gems/ruby-2.2.1/gems/web-console-2.1.2/lib/web_console/templates/style.css.erb within layouts/inlined_string (0.3ms)
  Rendered /Users/admin/.rvm/gems/ruby-2.2.1/gems/web-console-2.1.2/lib/web_console/templates/_inner_console_markup.html.erb within layouts/inlined_string (0.2ms)
  Rendered /Users/admin/.rvm/gems/ruby-2.2.1/gems/web-console-2.1.2/lib/web_console/templates/_prompt_box_markup.html.erb within layouts/inlined_string (0.4ms)
  Rendered /Users/admin/.rvm/gems/ruby-2.2.1/gems/web-console-2.1.2/lib/web_console/templates/console.js.erb within layouts/javascript (51.3ms)
  Rendered /Users/admin/.rvm/gems/ruby-2.2.1/gems/web-console-2.1.2/lib/web_console/templates/main.js.erb within layouts/javascript (0.5ms)
  Rendered /Users/admin/.rvm/gems/ruby-2.2.1/gems/web-console-2.1.2/lib/web_console/templates/error_page.js.erb within layouts/javascript (0.6ms)
  Rendered /Users/admin/.rvm/gems/ruby-2.2.1/gems/web-console-2.1.2/lib/web_console/templates/index.html.erb (128.4ms)


Started GET "/" for ::1 at 2015-05-19 00:20:19 -0500
Processing by VisitorsController#index as HTML
  [1m[36m (0.2ms)[0m  [1mSELECT COUNT(*) FROM "users"[0m
  Rendered visitors/index.html.erb within layouts/application (1.3ms)
  [1m[35mUser Load (0.1ms)[0m  SELECT  "users".* FROM "users" WHERE "users"."id" = ?  ORDER BY "users"."id" ASC LIMIT 1  [["id", 1]]
  Rendered layouts/_navigation_links.html.erb (1.3ms)
  Rendered layouts/_navigation.html.erb (3.0ms)
  Rendered layouts/_messages.html.erb (0.1ms)
Completed 200 OK in 105ms (Views: 104.8ms | ActiveRecord: 0.3ms)


Started GET "/users" for ::1 at 2015-05-19 00:20:21 -0500
Processing by UsersController#index as HTML
  [1m[36mUser Load (0.1ms)[0m  [1mSELECT  "users".* FROM "users" WHERE "users"."id" = ?  ORDER BY "users"."id" ASC LIMIT 1[0m  [["id", 1]]
  [1m[35mUser Load (0.2ms)[0m  SELECT "users".* FROM "users"
  Rendered users/_user.html.erb (1.2ms)
  Rendered users/index.html.erb within layouts/application (3.6ms)
  Rendered layouts/_navigation_links.html.erb (0.3ms)
  Rendered layouts/_navigation.html.erb (2.4ms)
  Rendered layouts/_messages.html.erb (0.1ms)
Completed 200 OK in 106ms (Views: 104.5ms | ActiveRecord: 0.3ms)


Started GET "/" for ::1 at 2015-05-19 00:23:28 -0500
Processing by VisitorsController#index as HTML
  [1m[36m (0.1ms)[0m  [1mSELECT COUNT(*) FROM "users"[0m
  Rendered visitors/index.html.erb within layouts/application (0.7ms)
  [1m[35mUser Load (0.1ms)[0m  SELECT  "users".* FROM "users" WHERE "users"."id" = ?  ORDER BY "users"."id" ASC LIMIT 1  [["id", 1]]
  Rendered layouts/_navigation_links.html.erb (1.3ms)
  Rendered layouts/_navigation.html.erb (3.3ms)
  Rendered layouts/_messages.html.erb (0.1ms)
Completed 200 OK in 109ms (Views: 108.8ms | ActiveRecord: 0.2ms)
